<?xml version="1.0" encoding="UTF-8"?>
<!-- Generated by org.testng.reporters.JUnitReportReporter -->
<testsuite skipped="0" hostname="DESKTOP-0RHT491" name="com.automation.fblite.IntroductionTest" tests="1" failures="0" timestamp="2019-12-07T20:25:13 CST" time="77.157" errors="0">
  <testcase name="validationTest" time="77.157" classname="com.automation.fblite.IntroductionTest"/>
</testsuite> <!-- com.automation.fblite.IntroductionTest -->
